{"CritsFileServer":"","Directory":"/home/csirt/Downloads/samples","Comment":"mycomment","Source":"src1","MimetypePattern":"","Recursive":false,"Insecure":true,"FPath":"","Tasks":"","TagsStr":"[\"tag1\",\"tag2\"]","GatewayURI":"http://127.0.0.1:8090","Username":"test","Password":"test","Tasking":false}
/home/csirt/Downloads/samples/000ceaf712397187d8f504e5156823e60957f4ce356d727be7793e67183598b2	200
/home/csirt/Downloads/samples/3bcfd4912576048693baa49c49289ca4c31c5473cc5a9fc7235112f1d85d10b9	200
/home/csirt/Downloads/samples/06f81c06545059c2560fc917dbd7758eb878afcb91884aea4bea61cd09c7773e	200
/home/csirt/Downloads/samples/0c0b5ef6dae04fad249c025bea2bd85ea8e8879d55a7528da693c92027fab6ba	200
/home/csirt/Downloads/samples/0b8ab310d5aab2abf7e7955757e6ef4cabd58515eb4db28542ef7976e4151e21	200
/home/csirt/Downloads/samples/3c277be5df06aeaad03c2703804db1248145168b244986f870fca4a71d1e87e0	200
/home/csirt/Downloads/samples/3dff3d8c471f0a44fc55cf0d0fce986d2c0d44d8eb29214108fbbde66fde00f6	200
/home/csirt/Downloads/samples/7ddedf5c4f4c098af0d4983af66303a6866ba0dae11165898fec3f7f8ed17c09	200
/home/csirt/Downloads/samples/abba_-_happy_new_year_zaycev_net.exe	200
/home/csirt/Downloads/samples/assemblychange.exe	200
/home/csirt/Downloads/samples/5fbabc32d091a21a84e9102b0e7023f4bc455def0d90574ff78ab9a9d959dce9	200
/home/csirt/Downloads/samples/3d5e1b20f7eaeb40cbefd54ea702d719d025377ef58e7b46091b454e25aa4a45	200
/home/csirt/Downloads/samples/flash829.exe	200
/home/csirt/Downloads/samples/hostr.exe	200
/home/csirt/Downloads/samples/nivdort.exe	200
/home/csirt/Downloads/samples/sqd.exe	200
/home/csirt/Downloads/samples/goranagotovo.exe	200
/home/csirt/Downloads/samples/raffle.exe	200
/home/csirt/Downloads/samples/gchrome.exe	200
/home/csirt/Downloads/samples/system.exe	200
