{"CritsFileServer":"","Directory":"/home/csirt/Downloads/testFolder","Comment":"mycomment","Source":"virusshare","MimetypePattern":"","Recursive":false,"Insecure":true,"FPath":"","Tasks":"","TagsStr":"[\"tag1\",\"tag2\"]","GatewayURI":"http://127.0.0.1:8090","Username":"test","Password":"test","Tasking":false}
/home/csirt/Downloads/testFolder/AdvancedRun.exe	200
/home/csirt/Downloads/testFolder/AdiIRC64.4.3.exe	200
/home/csirt/Downloads/testFolder/AnyBurn.exe	200
/home/csirt/Downloads/testFolder/AquaSnap.Daemon.exe	200
/home/csirt/Downloads/testFolder/ArtRage.exe	200
/home/csirt/Downloads/testFolder/BabelMapPortable_15.0.0.5_English_online.paf.exe	200
/home/csirt/Downloads/testFolder/AutoHotkeyUX.exe	200
/home/csirt/Downloads/testFolder/AThousandWords.exe	200
/home/csirt/Downloads/testFolder/Autoruns64.exe	200
/home/csirt/Downloads/testFolder/Boom.exe	200
/home/csirt/Downloads/testFolder/BrowserAddonsView.exe	200
/home/csirt/Downloads/testFolder/ClickyGone.exe	200
/home/csirt/Downloads/testFolder/AdvOR.exe	200
/home/csirt/Downloads/testFolder/BowPad.exe	200
/home/csirt/Downloads/testFolder/CleverNote.exe	200
/home/csirt/Downloads/testFolder/CoreTemp.exe	200
/home/csirt/Downloads/testFolder/CloudShot.exe	200
/home/csirt/Downloads/testFolder/DontSleep_x64_p.exe	200
/home/csirt/Downloads/testFolder/DupliFind_Setup.exe	200
/home/csirt/Downloads/testFolder/CryptoNotepad.exe	200
/home/csirt/Downloads/testFolder/CrystalDiskMark8_0_4c.exe	200
/home/csirt/Downloads/testFolder/BleachBit-4.4.2-setup.exe	200
/home/csirt/Downloads/testFolder/ExifDataView.exe	200
/home/csirt/Downloads/testFolder/ExecutorSetup.exe	200
/home/csirt/Downloads/testFolder/Duck_Doom_Deluxe.exe	200
/home/csirt/Downloads/testFolder/FuguHub.exe	200
/home/csirt/Downloads/testFolder/ExifToolGUI.exe	200
/home/csirt/Downloads/testFolder/EXE64.exe	200
/home/csirt/Downloads/testFolder/InstalledAppView.exe	200
/home/csirt/Downloads/testFolder/GreenshotPortable.exe	200
/home/csirt/Downloads/testFolder/IsMyHdOK.exe	200
/home/csirt/Downloads/testFolder/InfoBase.exe	200
/home/csirt/Downloads/testFolder/MeinPlatz.exe	200
/home/csirt/Downloads/testFolder/KeePass-2.53.1-Setup.exe	200
/home/csirt/Downloads/testFolder/KeePass-2.54-Setup.exe	200
/home/csirt/Downloads/testFolder/FotoSketcher_3.90_setup_64bit.com	200
/home/csirt/Downloads/testFolder/NetworkConnectLog.exe	200
/home/csirt/Downloads/testFolder/OOSU10.exe	200
/home/csirt/Downloads/testFolder/PaintBox.exe	200
/home/csirt/Downloads/testFolder/POPPeeper.exe	200
/home/csirt/Downloads/testFolder/MovieInfoSearch.exe	200
/home/csirt/Downloads/testFolder/PngOptimizer.exe	200
/home/csirt/Downloads/testFolder/PhotoFiltre7.exe	200
/home/csirt/Downloads/testFolder/ProcessHistory.exe	200
/home/csirt/Downloads/testFolder/PortableApps.comAppCompactor_3.7.1_English.paf.exe	200
/home/csirt/Downloads/testFolder/Qsel.exe	200
/home/csirt/Downloads/testFolder/Quick_Any2Ico.exe	200
/home/csirt/Downloads/testFolder/Procexp.exe	200
/home/csirt/Downloads/testFolder/PopMan.exe	200
/home/csirt/Downloads/testFolder/Procmon64.exe	200
/home/csirt/Downloads/testFolder/ReIcon_x64.exe	200
/home/csirt/Downloads/testFolder/MyPhoneExplorer_Setup_2.0.exe	200
/home/csirt/Downloads/testFolder/RestartOnCrash.exe	200
/home/csirt/Downloads/testFolder/RisohEditor-5.7.7-installer.exe	200
/home/csirt/Downloads/testFolder/StorURL.exe	200
/home/csirt/Downloads/testFolder/ShareX.exe	200
/home/csirt/Downloads/testFolder/SQLiteSpy.exe	200
/home/csirt/Downloads/testFolder/SyncFolders.exe	200
/home/csirt/Downloads/testFolder/TheAeroClock.exe	200
/home/csirt/Downloads/testFolder/USBDeview.exe	200
/home/csirt/Downloads/testFolder/SunbirdPortable_1.0b1_Rev_2_English.paf.exe	200
/home/csirt/Downloads/testFolder/ScreenshotCaptor.exe	200
/home/csirt/Downloads/testFolder/TidyTabs.Gui.exe	200
/home/csirt/Downloads/testFolder/USBOblivion64.exe	200
/home/csirt/Downloads/testFolder/Toucan_3.1.8.2.paf.exe	200
/home/csirt/Downloads/testFolder/WhoIsConnectedSniffer.exe	200
/home/csirt/Downloads/testFolder/WFA.exe	200
/home/csirt/Downloads/testFolder/arwwdwin.exe	200
/home/csirt/Downloads/testFolder/errorlookup.exe	200
/home/csirt/Downloads/testFolder/WildGem.exe	200
/home/csirt/Downloads/testFolder/XelitanPDF.exe	200
/home/csirt/Downloads/testFolder/gusanos.exe	200
/home/csirt/Downloads/testFolder/i_view64.exe	200
/home/csirt/Downloads/testFolder/licecap132-install.exe	200
/home/csirt/Downloads/testFolder/cdrtfe-1.5.8.exe	200
/home/csirt/Downloads/testFolder/mp3DC236.exe	200
/home/csirt/Downloads/testFolder/memreduct.exe	200
/home/csirt/Downloads/testFolder/iddfree.exe	200
/home/csirt/Downloads/testFolder/peerblock.exe	200
/home/csirt/Downloads/testFolder/simplewall.exe	200
/home/csirt/Downloads/testFolder/pixbuilder_setup.exe	200
/home/csirt/Downloads/testFolder/isotoxin.exe	200
/home/csirt/Downloads/testFolder/textify_setup.exe	200
/home/csirt/Downloads/testFolder/tcpview.exe	200
/home/csirt/Downloads/testFolder/fupx.exe	200
/home/csirt/Downloads/testFolder/ttn.exe	200
/home/csirt/Downloads/testFolder/ssfree.exe	200
/home/csirt/Downloads/testFolder/wf.exe	200
/home/csirt/Downloads/testFolder/yakattack-setup.exe	200
/home/csirt/Downloads/testFolder/wiztree_4_14_setup.exe	200
