{"CritsFileServer":"","LocalUpload":true,"Directory":"push_to_holmes/uploads/","Comment":"comment","Source":"src1","MimetypePattern":"","Recursive":false,"Insecure":true,"FPath":"","Tasks":"","TagsStr":"[\"tag1\",\"tag2\"]","GatewayURI":"http://192.168.100.103:8090","Username":"test","Password":"test","Tasking":false,"Workers":5,"FtpServer":"","FtpDirectory":"","FtpUsername":"","FtpPassword":""}
/usr/local/go/src/holmes/Holmes-Frontend/push_to_holmes/uploads/abba_-_happy_new_year_zaycev_net.exe	200
/usr/local/go/src/holmes/Holmes-Frontend/push_to_holmes/uploads/4gb_patch.exe	200
/usr/local/go/src/holmes/Holmes-Frontend/push_to_holmes/uploads/77e577757a9f45c3886fda21c621b9c7750a05239a0f1090745c1ba3e91ddb2c	200
/usr/local/go/src/holmes/Holmes-Frontend/push_to_holmes/uploads/designer.exe	200
/usr/local/go/src/holmes/Holmes-Frontend/push_to_holmes/uploads/edge-dog.exe	200
/usr/local/go/src/holmes/Holmes-Frontend/push_to_holmes/uploads/f-mydoom.exe	200
/usr/local/go/src/holmes/Holmes-Frontend/push_to_holmes/uploads/dump1.exe	200
/usr/local/go/src/holmes/Holmes-Frontend/push_to_holmes/uploads/hostr.exe	200
/usr/local/go/src/holmes/Holmes-Frontend/push_to_holmes/uploads/kismain.exe	200
/usr/local/go/src/holmes/Holmes-Frontend/push_to_holmes/uploads/feedbackwin.exe	200
/usr/local/go/src/holmes/Holmes-Frontend/push_to_holmes/uploads/matlab.exe	200
/usr/local/go/src/holmes/Holmes-Frontend/push_to_holmes/uploads/packager.exe	200
/usr/local/go/src/holmes/Holmes-Frontend/push_to_holmes/uploads/nobelium.exe	400
/usr/local/go/src/holmes/Holmes-Frontend/push_to_holmes/uploads/scanslam.exe	400
/usr/local/go/src/holmes/Holmes-Frontend/push_to_holmes/uploads/rustock.exe	400
/usr/local/go/src/holmes/Holmes-Frontend/push_to_holmes/uploads/script-fu.exe	200
/usr/local/go/src/holmes/Holmes-Frontend/push_to_holmes/uploads/signed.exe	400
/usr/local/go/src/holmes/Holmes-Frontend/push_to_holmes/uploads/wirelesskeyview.exe	400
/usr/local/go/src/holmes/Holmes-Frontend/push_to_holmes/uploads/7015.exe	200
/usr/local/go/src/holmes/Holmes-Frontend/push_to_holmes/uploads/karaoke5.exe	200
